
pr1_a.elf:     file format elf32-littleriscv
pr1_a.elf
architecture: riscv:rv32, flags 0x00000112:
EXEC_P, HAS_SYMS, D_PAGED
start address 0x00000000

Program Header:
    LOAD off    0x00001000 vaddr 0x00000000 paddr 0x00000000 align 2**12
         filesz 0x0000002c memsz 0x0000002c flags r-x
    LOAD off    0x00000000 vaddr 0x00010000 paddr 0x00010000 align 2**12
         filesz 0x00000000 memsz 0x00000004 flags rw-

Sections:
Idx Name              Size      VMA       LMA       File off  Algn  Flags
  0 .text             0000002c  00000000  00000000  00001000  2**2  CONTENTS, ALLOC, LOAD, READONLY, CODE
  1 .bss              00000004  00010000  00010000  00002000  2**0  ALLOC
  2 .riscv.attributes 0000001f  00000000  00000000  0000102c  2**0  CONTENTS, READONLY
  3 .debug_line       00000073  00000000  00000000  0000104b  2**0  CONTENTS, READONLY, DEBUGGING, OCTETS
  4 .debug_info       00000026  00000000  00000000  000010be  2**0  CONTENTS, READONLY, DEBUGGING, OCTETS
  5 .debug_abbrev     00000014  00000000  00000000  000010e4  2**0  CONTENTS, READONLY, DEBUGGING, OCTETS
  6 .debug_aranges    00000020  00000000  00000000  000010f8  2**3  CONTENTS, READONLY, DEBUGGING, OCTETS
  7 .debug_str        00000037  00000000  00000000  00001118  2**0  CONTENTS, READONLY, DEBUGGING, OCTETS
SYMBOL TABLE:
00000000 l    d  .text	00000000 .text
00010000 l    d  .bss	00000000 .bss
00000000 l    d  .riscv.attributes	00000000 .riscv.attributes
00000000 l    d  .debug_line	00000000 .debug_line
00000000 l    d  .debug_info	00000000 .debug_info
00000000 l    d  .debug_abbrev	00000000 .debug_abbrev
00000000 l    d  .debug_aranges	00000000 .debug_aranges
00000000 l    d  .debug_str	00000000 .debug_str
00000000 l    df *ABS*	00000000 ./pr1_a.o
0000000a l       *ABS*	00000000 N
00010000 l       .bss	00000000 res
0000000c l       .text	00000000 for
0000001c l       .text	00000000 efor
00000000 g       .text	00000000 main
00020000 g       *ABS*	00000000 _stack



Disassembly of section .text:

00000000 <main>:
main():
C:\FC2practicasWS\pr1_a\Debug/../pr1_a.asm:30
.bss
	res: 	.space 4

.text
main:
	li s1,N // s1 es n
   0:	00a00493          	li	s1,10
C:\FC2practicasWS\pr1_a\Debug/../pr1_a.asm:31
	li t0,0 // t0 es i
   4:	00000293          	li	t0,0
C:\FC2practicasWS\pr1_a\Debug/../pr1_a.asm:32
	li t1,0 // t1 es res
   8:	00000313          	li	t1,0

0000000c <for>:
for():
C:\FC2practicasWS\pr1_a\Debug/../pr1_a.asm:34
for:
	bge t0,s1,efor
   c:	0092d863          	bge	t0,s1,1c <efor>
C:\FC2practicasWS\pr1_a\Debug/../pr1_a.asm:35
	add t1,t1,t0 // res += i ;
  10:	00530333          	add	t1,t1,t0
C:\FC2practicasWS\pr1_a\Debug/../pr1_a.asm:36
	add t0,t0,1 // i++;
  14:	00128293          	addi	t0,t0,1
C:\FC2practicasWS\pr1_a\Debug/../pr1_a.asm:37
	j for
  18:	ff5ff06f          	j	c <for>

0000001c <efor>:
efor():
C:\FC2practicasWS\pr1_a\Debug/../pr1_a.asm:39
efor:
	la t2, res
  1c:	00010397          	auipc	t2,0x10
  20:	fe438393          	addi	t2,t2,-28 # 10000 <res>
C:\FC2practicasWS\pr1_a\Debug/../pr1_a.asm:40
	sw t1, 0(t2)
  24:	0063a023          	sw	t1,0(t2)
C:\FC2practicasWS\pr1_a\Debug/../pr1_a.asm:41
	j .
  28:	0000006f          	j	28 <efor+0xc>
